%%[ Warning: Helvetica-Bold not found, using Font Substitution. Font cannot be embedded.]%%
%%[ Warning: Helvetica not found, using Font Substitution. Font cannot be embedded.]%%
%%[ Warning: Helvetica-Oblique not found, using Font Substitution. Font cannot be embedded.]%%
%%[ Warning: Helvetica-BoldOblique not found, using Font Substitution. Font cannot be embedded.]%%
%%[ Warning: Times-Bold not found, using Font Substitution. Font cannot be embedded.]%%
% [ Warning: The following Names in Name Tree Dests were defined more than once ] %
       DROPTARGET
       INCLUDERCDMZFIREWALL
       INITIALLOADING
       RETURNTARGET
       page.1
       page.10
       page.11
       page.12
       page.13
       page.14
       page.15
       page.16
       page.17
       page.18
       page.19
       page.2
       page.3
       page.4
       page.5
       page.6
       page.7
       page.8
       page.9
